{"/home/david/Programming/projects/Full-Stack/traveling-merchant/src/util/formatters.js": {"path":"/home/david/Programming/projects/Full-Stack/traveling-merchant/src/util/formatters.js","statementMap":{"0":{"start":{"line":1,"column":33},"end":{"line":10,"column":1}},"1":{"start":{"line":2,"column":2},"end":{"line":4,"column":3}},"2":{"start":{"line":3,"column":4},"end":{"line":3,"column":64}},"3":{"start":{"line":6,"column":2},"end":{"line":9,"column":33}},"4":{"start":{"line":12,"column":26},"end":{"line":31,"column":1}},"5":{"start":{"line":13,"column":2},"end":{"line":15,"column":3}},"6":{"start":{"line":14,"column":4},"end":{"line":14,"column":64}},"7":{"start":{"line":17,"column":18},"end":{"line":17,"column":38}},"8":{"start":{"line":19,"column":20},"end":{"line":28,"column":4}},"9":{"start":{"line":30,"column":2},"end":{"line":30,"column":34}},"10":{"start":{"line":33,"column":30},"end":{"line":34,"column":44}},"11":{"start":{"line":34,"column":2},"end":{"line":34,"column":44}},"12":{"start":{"line":36,"column":32},"end":{"line":37,"column":72}},"13":{"start":{"line":37,"column":2},"end":{"line":37,"column":72}}},"fnMap":{"0":{"name":"(anonymous_0)","decl":{"start":{"line":1,"column":33},"end":{"line":1,"column":34}},"loc":{"start":{"line":1,"column":50},"end":{"line":10,"column":1}},"line":1},"1":{"name":"(anonymous_1)","decl":{"start":{"line":12,"column":26},"end":{"line":12,"column":27}},"loc":{"start":{"line":12,"column":42},"end":{"line":31,"column":1}},"line":12},"2":{"name":"(anonymous_2)","decl":{"start":{"line":33,"column":30},"end":{"line":33,"column":31}},"loc":{"start":{"line":34,"column":2},"end":{"line":34,"column":44}},"line":34},"3":{"name":"(anonymous_3)","decl":{"start":{"line":36,"column":32},"end":{"line":36,"column":33}},"loc":{"start":{"line":37,"column":2},"end":{"line":37,"column":72}},"line":37}},"branchMap":{"0":{"loc":{"start":{"line":2,"column":2},"end":{"line":4,"column":3}},"type":"if","locations":[{"start":{"line":2,"column":2},"end":{"line":4,"column":3}},{"start":{},"end":{}}],"line":2},"1":{"loc":{"start":{"line":2,"column":6},"end":{"line":2,"column":70}},"type":"binary-expr","locations":[{"start":{"line":2,"column":6},"end":{"line":2,"column":37}},{"start":{"line":2,"column":41},"end":{"line":2,"column":70}}],"line":2},"2":{"loc":{"start":{"line":13,"column":2},"end":{"line":15,"column":3}},"type":"if","locations":[{"start":{"line":13,"column":2},"end":{"line":15,"column":3}},{"start":{},"end":{}}],"line":13}},"s":{"0":1,"1":4,"2":3,"3":1,"4":1,"5":5,"6":2,"7":3,"8":3,"9":3,"10":1,"11":3,"12":1,"13":1},"f":{"0":4,"1":5,"2":3,"3":1},"b":{"0":[3,1],"1":[4,3],"2":[2,3]},"_coverageSchema":"1a1c01bbd47fc00a2c39e90264f33305004495a9","hash":"4786e5e9afc56a42dbf5bf821ecf8a280f799b85"}
}
